<?xml version="1.0" encoding="UTF-8"?>
<!-- Generated by org.testng.reporters.JUnitXMLReporter -->
<testsuite ignored="1" hostname="DESKTOP-6ERC4JE" failures="0" tests="2" name="Testonchrome" time="73.585" errors="0" timestamp="2023-06-30T10:28:18 IST">
  <testcase classname="crossbrowser.NewTest" name="radiButton" time="14.198"/>
  <testcase classname="crossbrowser.NewTest" name="hyperlinkTest" time="13.953"/>
  <testcase classname="crossbrowser.NewTest" name="testcheckbox" time="0.0">
    <ignored/>
  </testcase> <!-- testcheckbox -->
</testsuite> <!-- Testonchrome -->
