<?xml version="1.0" encoding="UTF-8"?>
<!-- Generated by org.testng.reporters.JUnitXMLReporter -->
<testsuite ignored="1" hostname="DESKTOP-6ERC4JE" failures="0" tests="2" name="Test3" time="73.831" errors="0" timestamp="2023-06-30T10:28:18 IST">
  <testcase classname="crossbrowser.NewTest" name="radiButton" time="13.764"/>
  <testcase classname="crossbrowser.NewTest" name="hyperlinkTest" time="14.617"/>
  <testcase classname="crossbrowser.NewTest" name="testcheckbox" time="0.0">
    <ignored/>
  </testcase> <!-- testcheckbox -->
</testsuite> <!-- Test3 -->
